<?xml version="1.0" encoding="UTF-8"?>
<!-- Generated by org.testng.reporters.JUnitReportReporter -->
<testsuite hostname="DESKTOP-NIHNT6A" failures="0" tests="2" name="testcases.TestCase1" time="0.002" errors="0" timestamp="08 жовт. 2025 14:48:23 GMT" skipped="0">
  <testcase classname="testcases.TestCase1" name="doUserReg" time="0.002"/>
  <testcase classname="testcases.TestCase1" name="doLogin" time="0.000"/>
</testsuite> <!-- testcases.TestCase1 -->
